*   0eabc23 (HEAD -> main) resuelve conflicto en index.html
|\  
| * 9d471d8 (feature-update) agrega index.html
* | d273f71 modifica index.html
* | 0418736 agregfa index.html
* | 7ec60c7 cread index.html
|/  
*   3d6b0b6 Merge branch 'feature-3'
|\  
| * fbb6476 modifica nuevamente README
| * fa11e58 crea arhivoCsquash.txt
| * a201cdd modifica READE.md
* | b77387c prepara el merge --squash
* | 3507be5 modifica README en main
* |   2acc929 Merge branch 'feature-2'
|\ \  
| * | 1782ad2 modifica REAMDE.md
* | | 7c050af modifica README
|/ /  
* |   b9e9684 guarda README en main
|\ \  
| |/  
|/|   
| * 9421c0f modifica README.md
* | 046b6cc mofica README.md
|/  
* c8a9900 commit inicial
